2024-01-17T07:11:57,528 [-] [Framework Event Dispatcher: Equinox Container: 0ba4f8f1-a943-4bdb-ae13-c0796deabd9f]  WARN ApplicationManagementServiceComponent Templates directory not found at /home/wso2carbon/wso2am-4.0.0/repository/resources/identity/authntemplates
2024-01-17T07:12:04,655 [-] [Framework Event Dispatcher: Equinox Container: 0ba4f8f1-a943-4bdb-ae13-c0796deabd9f] ERROR EventProcessorDeployer Execution plan is not deployed and in inactive state : carbon.super_resource_50KPerMin_defualt.siddhiql
org.wso2.carbon.event.processor.core.exception.ExecutionPlanConfigurationException: Execution plan with the same name already exists. Please remove it and retry.
	at org.wso2.carbon.event.processor.core.internal.CarbonEventProcessorService.addExecutionPlan(CarbonEventProcessorService.java:239) ~[org.wso2.carbon.event.processor.core_2.2.14.jar:?]
	at org.wso2.carbon.event.processor.core.EventProcessorDeployer.processDeploy(EventProcessorDeployer.java:124) [org.wso2.carbon.event.processor.core_2.2.14.jar:?]
	at org.wso2.carbon.event.processor.core.EventProcessorDeployer.deploy(EventProcessorDeployer.java:69) [org.wso2.carbon.event.processor.core_2.2.14.jar:?]
	at org.apache.axis2.deployment.repository.util.DeploymentFileData.deploy(DeploymentFileData.java:136) [axis2_1.6.1.wso2v63.jar:?]
	at org.apache.axis2.deployment.DeploymentEngine.doDeploy(DeploymentEngine.java:807) [axis2_1.6.1.wso2v63.jar:?]
	at org.apache.axis2.deployment.repository.util.WSInfoList.update(WSInfoList.java:153) [axis2_1.6.1.wso2v63.jar:?]
	at org.apache.axis2.deployment.RepositoryListener.update(RepositoryListener.java:377) [axis2_1.6.1.wso2v63.jar:?]
	at org.apache.axis2.deployment.RepositoryListener.checkServices(RepositoryListener.java:254) [axis2_1.6.1.wso2v63.jar:?]
	at org.apache.synapse.Axis2SynapseController.deployMediatorExtensions(Axis2SynapseController.java:785) [synapse-core_2.1.7.wso2v227.jar:2.1.7-wso2v227]
	at org.apache.synapse.Axis2SynapseController.createSynapseEnvironment(Axis2SynapseController.java:403) [synapse-core_2.1.7.wso2v227.jar:2.1.7-wso2v227]
	at org.apache.synapse.ServerManager.start(ServerManager.java:187) [synapse-core_2.1.7.wso2v227.jar:2.1.7-wso2v227]
	at org.wso2.carbon.mediation.initializer.ServiceBusInitializer.initESB(ServiceBusInitializer.java:371) [org.wso2.carbon.mediation.initializer_4.7.99.jar:?]
	at org.wso2.carbon.mediation.initializer.ServiceBusInitializer.activate(ServiceBusInitializer.java:170) [org.wso2.carbon.mediation.initializer_4.7.99.jar:?]
	at jdk.internal.reflect.NativeMethodAccessorImpl.invoke0(Native Method) ~[?:?]
	at jdk.internal.reflect.NativeMethodAccessorImpl.invoke(NativeMethodAccessorImpl.java:62) ~[?:?]
	at jdk.internal.reflect.DelegatingMethodAccessorImpl.invoke(DelegatingMethodAccessorImpl.java:43) ~[?:?]
	at java.lang.reflect.Method.invoke(Method.java:566) ~[?:?]
	at org.eclipse.equinox.internal.ds.model.ServiceComponent.activate(ServiceComponent.java:260) [org.eclipse.equinox.ds_1.4.400.v20160226-2036.jar:?]
	at org.eclipse.equinox.internal.ds.model.ServiceComponentProp.activate(ServiceComponentProp.java:146) [org.eclipse.equinox.ds_1.4.400.v20160226-2036.jar:?]
	at org.eclipse.equinox.internal.ds.model.ServiceComponentProp.build(ServiceComponentProp.java:345) [org.eclipse.equinox.ds_1.4.400.v20160226-2036.jar:?]
	at org.eclipse.equinox.internal.ds.InstanceProcess.buildComponent(InstanceProcess.java:620) [org.eclipse.equinox.ds_1.4.400.v20160226-2036.jar:?]
	at org.eclipse.equinox.internal.ds.InstanceProcess.buildComponents(InstanceProcess.java:197) [org.eclipse.equinox.ds_1.4.400.v20160226-2036.jar:?]
	at org.eclipse.equinox.internal.ds.Resolver.getEligible(Resolver.java:343) [org.eclipse.equinox.ds_1.4.400.v20160226-2036.jar:?]
	at org.eclipse.equinox.internal.ds.SCRManager.serviceChanged(SCRManager.java:222) [org.eclipse.equinox.ds_1.4.400.v20160226-2036.jar:?]
	at org.eclipse.osgi.internal.serviceregistry.FilteredServiceListener.serviceChanged(FilteredServiceListener.java:113) [org.eclipse.osgi_3.14.0.v20190517-1309.jar:?]
	at org.eclipse.osgi.internal.framework.BundleContextImpl.dispatchEvent(BundleContextImpl.java:985) [org.eclipse.osgi_3.14.0.v20190517-1309.jar:?]
	at org.eclipse.osgi.framework.eventmgr.EventManager.dispatchEvent(EventManager.java:234) [org.eclipse.osgi_3.14.0.v20190517-1309.jar:?]
	at org.eclipse.osgi.framework.eventmgr.ListenerQueue.dispatchEventSynchronous(ListenerQueue.java:151) [org.eclipse.osgi_3.14.0.v20190517-1309.jar:?]
	at org.eclipse.osgi.internal.serviceregistry.ServiceRegistry.publishServiceEventPrivileged(ServiceRegistry.java:866) [org.eclipse.osgi_3.14.0.v20190517-1309.jar:?]
	at org.eclipse.osgi.internal.serviceregistry.ServiceRegistry.publishServiceEvent(ServiceRegistry.java:804) [org.eclipse.osgi_3.14.0.v20190517-1309.jar:?]
	at org.eclipse.osgi.internal.serviceregistry.ServiceRegistrationImpl.register(ServiceRegistrationImpl.java:130) [org.eclipse.osgi_3.14.0.v20190517-1309.jar:?]
	at org.eclipse.osgi.internal.serviceregistry.ServiceRegistry.registerService(ServiceRegistry.java:228) [org.eclipse.osgi_3.14.0.v20190517-1309.jar:?]
	at org.eclipse.osgi.internal.framework.BundleContextImpl.registerService(BundleContextImpl.java:525) [org.eclipse.osgi_3.14.0.v20190517-1309.jar:?]
	at org.eclipse.osgi.internal.framework.BundleContextImpl.registerService(BundleContextImpl.java:544) [org.eclipse.osgi_3.14.0.v20190517-1309.jar:?]
	at org.wso2.carbon.inbound.endpoint.persistence.service.InboundEndpointPersistenceServiceDSComponent.activate(InboundEndpointPersistenceServiceDSComponent.java:50) [org.wso2.carbon.inbound.endpoint.persistence_4.7.99.jar:?]
	at jdk.internal.reflect.NativeMethodAccessorImpl.invoke0(Native Method) ~[?:?]
	at jdk.internal.reflect.NativeMethodAccessorImpl.invoke(NativeMethodAccessorImpl.java:62) ~[?:?]
	at jdk.internal.reflect.DelegatingMethodAccessorImpl.invoke(DelegatingMethodAccessorImpl.java:43) ~[?:?]
	at java.lang.reflect.Method.invoke(Method.java:566) ~[?:?]
	at org.eclipse.equinox.internal.ds.model.ServiceComponent.activate(ServiceComponent.java:260) [org.eclipse.equinox.ds_1.4.400.v20160226-2036.jar:?]
	at org.eclipse.equinox.internal.ds.model.ServiceComponentProp.activate(ServiceComponentProp.java:146) [org.eclipse.equinox.ds_1.4.400.v20160226-2036.jar:?]
	at org.eclipse.equinox.internal.ds.model.ServiceComponentProp.build(ServiceComponentProp.java:345) [org.eclipse.equinox.ds_1.4.400.v20160226-2036.jar:?]
	at org.eclipse.equinox.internal.ds.InstanceProcess.buildComponent(InstanceProcess.java:620) [org.eclipse.equinox.ds_1.4.400.v20160226-2036.jar:?]
	at org.eclipse.equinox.internal.ds.InstanceProcess.buildComponents(InstanceProcess.java:197) [org.eclipse.equinox.ds_1.4.400.v20160226-2036.jar:?]
	at org.eclipse.equinox.internal.ds.Resolver.getEligible(Resolver.java:343) [org.eclipse.equinox.ds_1.4.400.v20160226-2036.jar:?]
	at org.eclipse.equinox.internal.ds.SCRManager.serviceChanged(SCRManager.java:222) [org.eclipse.equinox.ds_1.4.400.v20160226-2036.jar:?]
	at org.eclipse.osgi.internal.serviceregistry.FilteredServiceListener.serviceChanged(FilteredServiceListener.java:113) [org.eclipse.osgi_3.14.0.v20190517-1309.jar:?]
	at org.eclipse.osgi.internal.framework.BundleContextImpl.dispatchEvent(BundleContextImpl.java:985) [org.eclipse.osgi_3.14.0.v20190517-1309.jar:?]
	at org.eclipse.osgi.framework.eventmgr.EventManager.dispatchEvent(EventManager.java:234) [org.eclipse.osgi_3.14.0.v20190517-1309.jar:?]
	at org.eclipse.osgi.framework.eventmgr.ListenerQueue.dispatchEventSynchronous(ListenerQueue.java:151) [org.eclipse.osgi_3.14.0.v20190517-1309.jar:?]
	at org.eclipse.osgi.internal.serviceregistry.ServiceRegistry.publishServiceEventPrivileged(ServiceRegistry.java:866) [org.eclipse.osgi_3.14.0.v20190517-1309.jar:?]
	at org.eclipse.osgi.internal.serviceregistry.ServiceRegistry.publishServiceEvent(ServiceRegistry.java:804) [org.eclipse.osgi_3.14.0.v20190517-1309.jar:?]
	at org.eclipse.osgi.internal.serviceregistry.ServiceRegistrationImpl.register(ServiceRegistrationImpl.java:130) [org.eclipse.osgi_3.14.0.v20190517-1309.jar:?]
	at org.eclipse.osgi.internal.serviceregistry.ServiceRegistry.registerService(ServiceRegistry.java:228) [org.eclipse.osgi_3.14.0.v20190517-1309.jar:?]
	at org.eclipse.osgi.internal.framework.BundleContextImpl.registerService(BundleContextImpl.java:525) [org.eclipse.osgi_3.14.0.v20190517-1309.jar:?]
	at org.eclipse.osgi.internal.framework.BundleContextImpl.registerService(BundleContextImpl.java:544) [org.eclipse.osgi_3.14.0.v20190517-1309.jar:?]
	at org.wso2.carbon.core.init.CarbonServerManager.initializeCarbon(CarbonServerManager.java:529) [org.wso2.carbon.core_4.6.2.jar:?]
	at org.wso2.carbon.core.init.CarbonServerManager.removePendingItem(CarbonServerManager.java:305) [org.wso2.carbon.core_4.6.2.jar:?]
	at org.wso2.carbon.core.init.PreAxis2ConfigItemListener.bundleChanged(PreAxis2ConfigItemListener.java:118) [org.wso2.carbon.core_4.6.2.jar:?]
	at org.eclipse.osgi.internal.framework.BundleContextImpl.dispatchEvent(BundleContextImpl.java:973) [org.eclipse.osgi_3.14.0.v20190517-1309.jar:?]
	at org.eclipse.osgi.framework.eventmgr.EventManager.dispatchEvent(EventManager.java:234) [org.eclipse.osgi_3.14.0.v20190517-1309.jar:?]
	at org.eclipse.osgi.framework.eventmgr.EventManager$EventThread.run(EventManager.java:345) [org.eclipse.osgi_3.14.0.v20190517-1309.jar:?]
2024-01-17T07:12:04,665 [-] [Framework Event Dispatcher: Equinox Container: 0ba4f8f1-a943-4bdb-ae13-c0796deabd9f] ERROR EventProcessorDeployer Can't deploy the execution plan: carbon.super_resource_50KPerMin_defualt.siddhiql
org.apache.axis2.deployment.DeploymentException: Execution plan not deployed properly.
	at org.wso2.carbon.event.processor.core.EventProcessorDeployer.deploy(EventProcessorDeployer.java:71) [org.wso2.carbon.event.processor.core_2.2.14.jar:?]
	at org.apache.axis2.deployment.repository.util.DeploymentFileData.deploy(DeploymentFileData.java:136) [axis2_1.6.1.wso2v63.jar:?]
	at org.apache.axis2.deployment.DeploymentEngine.doDeploy(DeploymentEngine.java:807) [axis2_1.6.1.wso2v63.jar:?]
	at org.apache.axis2.deployment.repository.util.WSInfoList.update(WSInfoList.java:153) [axis2_1.6.1.wso2v63.jar:?]
	at org.apache.axis2.deployment.RepositoryListener.update(RepositoryListener.java:377) [axis2_1.6.1.wso2v63.jar:?]
	at org.apache.axis2.deployment.RepositoryListener.checkServices(RepositoryListener.java:254) [axis2_1.6.1.wso2v63.jar:?]
	at org.apache.synapse.Axis2SynapseController.deployMediatorExtensions(Axis2SynapseController.java:785) [synapse-core_2.1.7.wso2v227.jar:2.1.7-wso2v227]
	at org.apache.synapse.Axis2SynapseController.createSynapseEnvironment(Axis2SynapseController.java:403) [synapse-core_2.1.7.wso2v227.jar:2.1.7-wso2v227]
	at org.apache.synapse.ServerManager.start(ServerManager.java:187) [synapse-core_2.1.7.wso2v227.jar:2.1.7-wso2v227]
	at org.wso2.carbon.mediation.initializer.ServiceBusInitializer.initESB(ServiceBusInitializer.java:371) [org.wso2.carbon.mediation.initializer_4.7.99.jar:?]
	at org.wso2.carbon.mediation.initializer.ServiceBusInitializer.activate(ServiceBusInitializer.java:170) [org.wso2.carbon.mediation.initializer_4.7.99.jar:?]
	at jdk.internal.reflect.NativeMethodAccessorImpl.invoke0(Native Method) ~[?:?]
	at jdk.internal.reflect.NativeMethodAccessorImpl.invoke(NativeMethodAccessorImpl.java:62) ~[?:?]
	at jdk.internal.reflect.DelegatingMethodAccessorImpl.invoke(DelegatingMethodAccessorImpl.java:43) ~[?:?]
	at java.lang.reflect.Method.invoke(Method.java:566) ~[?:?]
	at org.eclipse.equinox.internal.ds.model.ServiceComponent.activate(ServiceComponent.java:260) [org.eclipse.equinox.ds_1.4.400.v20160226-2036.jar:?]
	at org.eclipse.equinox.internal.ds.model.ServiceComponentProp.activate(ServiceComponentProp.java:146) [org.eclipse.equinox.ds_1.4.400.v20160226-2036.jar:?]
	at org.eclipse.equinox.internal.ds.model.ServiceComponentProp.build(ServiceComponentProp.java:345) [org.eclipse.equinox.ds_1.4.400.v20160226-2036.jar:?]
	at org.eclipse.equinox.internal.ds.InstanceProcess.buildComponent(InstanceProcess.java:620) [org.eclipse.equinox.ds_1.4.400.v20160226-2036.jar:?]
	at org.eclipse.equinox.internal.ds.InstanceProcess.buildComponents(InstanceProcess.java:197) [org.eclipse.equinox.ds_1.4.400.v20160226-2036.jar:?]
	at org.eclipse.equinox.internal.ds.Resolver.getEligible(Resolver.java:343) [org.eclipse.equinox.ds_1.4.400.v20160226-2036.jar:?]
	at org.eclipse.equinox.internal.ds.SCRManager.serviceChanged(SCRManager.java:222) [org.eclipse.equinox.ds_1.4.400.v20160226-2036.jar:?]
	at org.eclipse.osgi.internal.serviceregistry.FilteredServiceListener.serviceChanged(FilteredServiceListener.java:113) [org.eclipse.osgi_3.14.0.v20190517-1309.jar:?]
	at org.eclipse.osgi.internal.framework.BundleContextImpl.dispatchEvent(BundleContextImpl.java:985) [org.eclipse.osgi_3.14.0.v20190517-1309.jar:?]
	at org.eclipse.osgi.framework.eventmgr.EventManager.dispatchEvent(EventManager.java:234) [org.eclipse.osgi_3.14.0.v20190517-1309.jar:?]
	at org.eclipse.osgi.framework.eventmgr.ListenerQueue.dispatchEventSynchronous(ListenerQueue.java:151) [org.eclipse.osgi_3.14.0.v20190517-1309.jar:?]
	at org.eclipse.osgi.internal.serviceregistry.ServiceRegistry.publishServiceEventPrivileged(ServiceRegistry.java:866) [org.eclipse.osgi_3.14.0.v20190517-1309.jar:?]
	at org.eclipse.osgi.internal.serviceregistry.ServiceRegistry.publishServiceEvent(ServiceRegistry.java:804) [org.eclipse.osgi_3.14.0.v20190517-1309.jar:?]
	at org.eclipse.osgi.internal.serviceregistry.ServiceRegistrationImpl.register(ServiceRegistrationImpl.java:130) [org.eclipse.osgi_3.14.0.v20190517-1309.jar:?]
	at org.eclipse.osgi.internal.serviceregistry.ServiceRegistry.registerService(ServiceRegistry.java:228) [org.eclipse.osgi_3.14.0.v20190517-1309.jar:?]
	at org.eclipse.osgi.internal.framework.BundleContextImpl.registerService(BundleContextImpl.java:525) [org.eclipse.osgi_3.14.0.v20190517-1309.jar:?]
	at org.eclipse.osgi.internal.framework.BundleContextImpl.registerService(BundleContextImpl.java:544) [org.eclipse.osgi_3.14.0.v20190517-1309.jar:?]
	at org.wso2.carbon.inbound.endpoint.persistence.service.InboundEndpointPersistenceServiceDSComponent.activate(InboundEndpointPersistenceServiceDSComponent.java:50) [org.wso2.carbon.inbound.endpoint.persistence_4.7.99.jar:?]
	at jdk.internal.reflect.NativeMethodAccessorImpl.invoke0(Native Method) ~[?:?]
	at jdk.internal.reflect.NativeMethodAccessorImpl.invoke(NativeMethodAccessorImpl.java:62) ~[?:?]
	at jdk.internal.reflect.DelegatingMethodAccessorImpl.invoke(DelegatingMethodAccessorImpl.java:43) ~[?:?]
	at java.lang.reflect.Method.invoke(Method.java:566) ~[?:?]
	at org.eclipse.equinox.internal.ds.model.ServiceComponent.activate(ServiceComponent.java:260) [org.eclipse.equinox.ds_1.4.400.v20160226-2036.jar:?]
	at org.eclipse.equinox.internal.ds.model.ServiceComponentProp.activate(ServiceComponentProp.java:146) [org.eclipse.equinox.ds_1.4.400.v20160226-2036.jar:?]
	at org.eclipse.equinox.internal.ds.model.ServiceComponentProp.build(ServiceComponentProp.java:345) [org.eclipse.equinox.ds_1.4.400.v20160226-2036.jar:?]
	at org.eclipse.equinox.internal.ds.InstanceProcess.buildComponent(InstanceProcess.java:620) [org.eclipse.equinox.ds_1.4.400.v20160226-2036.jar:?]
	at org.eclipse.equinox.internal.ds.InstanceProcess.buildComponents(InstanceProcess.java:197) [org.eclipse.equinox.ds_1.4.400.v20160226-2036.jar:?]
	at org.eclipse.equinox.internal.ds.Resolver.getEligible(Resolver.java:343) [org.eclipse.equinox.ds_1.4.400.v20160226-2036.jar:?]
	at org.eclipse.equinox.internal.ds.SCRManager.serviceChanged(SCRManager.java:222) [org.eclipse.equinox.ds_1.4.400.v20160226-2036.jar:?]
	at org.eclipse.osgi.internal.serviceregistry.FilteredServiceListener.serviceChanged(FilteredServiceListener.java:113) [org.eclipse.osgi_3.14.0.v20190517-1309.jar:?]
	at org.eclipse.osgi.internal.framework.BundleContextImpl.dispatchEvent(BundleContextImpl.java:985) [org.eclipse.osgi_3.14.0.v20190517-1309.jar:?]
	at org.eclipse.osgi.framework.eventmgr.EventManager.dispatchEvent(EventManager.java:234) [org.eclipse.osgi_3.14.0.v20190517-1309.jar:?]
	at org.eclipse.osgi.framework.eventmgr.ListenerQueue.dispatchEventSynchronous(ListenerQueue.java:151) [org.eclipse.osgi_3.14.0.v20190517-1309.jar:?]
	at org.eclipse.osgi.internal.serviceregistry.ServiceRegistry.publishServiceEventPrivileged(ServiceRegistry.java:866) [org.eclipse.osgi_3.14.0.v20190517-1309.jar:?]
	at org.eclipse.osgi.internal.serviceregistry.ServiceRegistry.publishServiceEvent(ServiceRegistry.java:804) [org.eclipse.osgi_3.14.0.v20190517-1309.jar:?]
	at org.eclipse.osgi.internal.serviceregistry.ServiceRegistrationImpl.register(ServiceRegistrationImpl.java:130) [org.eclipse.osgi_3.14.0.v20190517-1309.jar:?]
	at org.eclipse.osgi.internal.serviceregistry.ServiceRegistry.registerService(ServiceRegistry.java:228) [org.eclipse.osgi_3.14.0.v20190517-1309.jar:?]
	at org.eclipse.osgi.internal.framework.BundleContextImpl.registerService(BundleContextImpl.java:525) [org.eclipse.osgi_3.14.0.v20190517-1309.jar:?]
	at org.eclipse.osgi.internal.framework.BundleContextImpl.registerService(BundleContextImpl.java:544) [org.eclipse.osgi_3.14.0.v20190517-1309.jar:?]
	at org.wso2.carbon.core.init.CarbonServerManager.initializeCarbon(CarbonServerManager.java:529) [org.wso2.carbon.core_4.6.2.jar:?]
	at org.wso2.carbon.core.init.CarbonServerManager.removePendingItem(CarbonServerManager.java:305) [org.wso2.carbon.core_4.6.2.jar:?]
	at org.wso2.carbon.core.init.PreAxis2ConfigItemListener.bundleChanged(PreAxis2ConfigItemListener.java:118) [org.wso2.carbon.core_4.6.2.jar:?]
	at org.eclipse.osgi.internal.framework.BundleContextImpl.dispatchEvent(BundleContextImpl.java:973) [org.eclipse.osgi_3.14.0.v20190517-1309.jar:?]
	at org.eclipse.osgi.framework.eventmgr.EventManager.dispatchEvent(EventManager.java:234) [org.eclipse.osgi_3.14.0.v20190517-1309.jar:?]
	at org.eclipse.osgi.framework.eventmgr.EventManager$EventThread.run(EventManager.java:345) [org.eclipse.osgi_3.14.0.v20190517-1309.jar:?]
Caused by: org.wso2.carbon.event.processor.core.exception.ExecutionPlanConfigurationException: Execution plan with the same name already exists. Please remove it and retry.
	at org.wso2.carbon.event.processor.core.EventProcessorDeployer.processDeploy(EventProcessorDeployer.java:154) ~[org.wso2.carbon.event.processor.core_2.2.14.jar:?]
	at org.wso2.carbon.event.processor.core.EventProcessorDeployer.deploy(EventProcessorDeployer.java:69) ~[org.wso2.carbon.event.processor.core_2.2.14.jar:?]
	... 59 more
Caused by: org.wso2.carbon.event.processor.core.exception.ExecutionPlanConfigurationException: Execution plan with the same name already exists. Please remove it and retry.
	at org.wso2.carbon.event.processor.core.internal.CarbonEventProcessorService.addExecutionPlan(CarbonEventProcessorService.java:239) ~[org.wso2.carbon.event.processor.core_2.2.14.jar:?]
	at org.wso2.carbon.event.processor.core.EventProcessorDeployer.processDeploy(EventProcessorDeployer.java:124) ~[org.wso2.carbon.event.processor.core_2.2.14.jar:?]
	at org.wso2.carbon.event.processor.core.EventProcessorDeployer.deploy(EventProcessorDeployer.java:69) ~[org.wso2.carbon.event.processor.core_2.2.14.jar:?]
	... 59 more
2024-01-17T07:12:49,157 [-] [Framework Event Dispatcher: Equinox Container: 0ba4f8f1-a943-4bdb-ae13-c0796deabd9f]  WARN SSLUtilBase jsseUtil.trustedCertNotValid
2024-01-17T07:12:49,158 [-] [Framework Event Dispatcher: Equinox Container: 0ba4f8f1-a943-4bdb-ae13-c0796deabd9f]  WARN SSLUtilBase jsseUtil.trustedCertNotValid
2024-01-17T07:12:49,158 [-] [Framework Event Dispatcher: Equinox Container: 0ba4f8f1-a943-4bdb-ae13-c0796deabd9f]  WARN SSLUtilBase jsseUtil.trustedCertNotValid
2024-01-17T07:12:49,159 [-] [Framework Event Dispatcher: Equinox Container: 0ba4f8f1-a943-4bdb-ae13-c0796deabd9f]  WARN SSLUtilBase jsseUtil.trustedCertNotValid
2024-01-17T07:12:49,160 [-] [Framework Event Dispatcher: Equinox Container: 0ba4f8f1-a943-4bdb-ae13-c0796deabd9f]  WARN SSLUtilBase jsseUtil.trustedCertNotValid
2024-01-17T07:12:49,160 [-] [Framework Event Dispatcher: Equinox Container: 0ba4f8f1-a943-4bdb-ae13-c0796deabd9f]  WARN SSLUtilBase jsseUtil.trustedCertNotValid
2024-01-17T07:12:49,161 [-] [Framework Event Dispatcher: Equinox Container: 0ba4f8f1-a943-4bdb-ae13-c0796deabd9f]  WARN SSLUtilBase jsseUtil.trustedCertNotValid
2024-01-17T07:12:49,161 [-] [Framework Event Dispatcher: Equinox Container: 0ba4f8f1-a943-4bdb-ae13-c0796deabd9f]  WARN SSLUtilBase jsseUtil.trustedCertNotValid
2024-01-17T07:12:49,162 [-] [Framework Event Dispatcher: Equinox Container: 0ba4f8f1-a943-4bdb-ae13-c0796deabd9f]  WARN SSLUtilBase jsseUtil.trustedCertNotValid
2024-01-17T07:12:49,163 [-] [Framework Event Dispatcher: Equinox Container: 0ba4f8f1-a943-4bdb-ae13-c0796deabd9f]  WARN SSLUtilBase jsseUtil.trustedCertNotValid
2024-01-17T07:12:49,164 [-] [Framework Event Dispatcher: Equinox Container: 0ba4f8f1-a943-4bdb-ae13-c0796deabd9f]  WARN SSLUtilBase jsseUtil.trustedCertNotValid
2024-01-17T07:12:49,165 [-] [Framework Event Dispatcher: Equinox Container: 0ba4f8f1-a943-4bdb-ae13-c0796deabd9f]  WARN SSLUtilBase jsseUtil.trustedCertNotValid
2024-01-17T07:12:49,166 [-] [Framework Event Dispatcher: Equinox Container: 0ba4f8f1-a943-4bdb-ae13-c0796deabd9f]  WARN SSLUtilBase jsseUtil.trustedCertNotValid
2024-01-17T07:12:49,167 [-] [Framework Event Dispatcher: Equinox Container: 0ba4f8f1-a943-4bdb-ae13-c0796deabd9f]  WARN SSLUtilBase jsseUtil.trustedCertNotValid
2024-01-17T07:12:49,167 [-] [Framework Event Dispatcher: Equinox Container: 0ba4f8f1-a943-4bdb-ae13-c0796deabd9f]  WARN SSLUtilBase jsseUtil.trustedCertNotValid
2024-01-17T07:12:49,168 [-] [Framework Event Dispatcher: Equinox Container: 0ba4f8f1-a943-4bdb-ae13-c0796deabd9f]  WARN SSLUtilBase jsseUtil.trustedCertNotValid
2024-01-17T07:13:51,929 [-] [https-jsse-nio-9443-exec-6] ERROR WebAppAuthenticatorImpl Invalid OAuth Token : Invalid Access Token. ACTIVE access token is not found.
2024-01-17T07:13:51,930 [-] [https-jsse-nio-9443-exec-6] ERROR WebAppAuthenticatorImpl Provided access token is invalid
2024-01-17T07:13:59,860 [-] [https-jsse-nio-9443-exec-8]  WARN OAuth2AuthzEndpoint No session state found for the received Session ID : 3d1e720c-54e0-421d-9f5d-db99bdac5435
2024-01-17T07:38:28,276 [-] [Framework Event Dispatcher: Equinox Container: b988e972-c189-4b2b-a69f-4b454f44f9e9]  WARN ApplicationManagementServiceComponent Templates directory not found at /home/wso2carbon/wso2am-4.0.0/repository/resources/identity/authntemplates
2024-01-17T07:38:35,164 [-] [Framework Event Dispatcher: Equinox Container: b988e972-c189-4b2b-a69f-4b454f44f9e9] ERROR EventProcessorDeployer Execution plan is not deployed and in inactive state : carbon.super_resource_50KPerMin_defualt.siddhiql
org.wso2.carbon.event.processor.core.exception.ExecutionPlanConfigurationException: Execution plan with the same name already exists. Please remove it and retry.
	at org.wso2.carbon.event.processor.core.internal.CarbonEventProcessorService.addExecutionPlan(CarbonEventProcessorService.java:239) ~[org.wso2.carbon.event.processor.core_2.2.14.jar:?]
	at org.wso2.carbon.event.processor.core.EventProcessorDeployer.processDeploy(EventProcessorDeployer.java:124) [org.wso2.carbon.event.processor.core_2.2.14.jar:?]
	at org.wso2.carbon.event.processor.core.EventProcessorDeployer.deploy(EventProcessorDeployer.java:69) [org.wso2.carbon.event.processor.core_2.2.14.jar:?]
	at org.apache.axis2.deployment.repository.util.DeploymentFileData.deploy(DeploymentFileData.java:136) [axis2_1.6.1.wso2v63.jar:?]
	at org.apache.axis2.deployment.DeploymentEngine.doDeploy(DeploymentEngine.java:807) [axis2_1.6.1.wso2v63.jar:?]
	at org.apache.axis2.deployment.repository.util.WSInfoList.update(WSInfoList.java:153) [axis2_1.6.1.wso2v63.jar:?]
	at org.apache.axis2.deployment.RepositoryListener.update(RepositoryListener.java:377) [axis2_1.6.1.wso2v63.jar:?]
	at org.apache.axis2.deployment.RepositoryListener.checkServices(RepositoryListener.java:254) [axis2_1.6.1.wso2v63.jar:?]
	at org.apache.synapse.Axis2SynapseController.deployMediatorExtensions(Axis2SynapseController.java:785) [synapse-core_2.1.7.wso2v227.jar:2.1.7-wso2v227]
	at org.apache.synapse.Axis2SynapseController.createSynapseEnvironment(Axis2SynapseController.java:403) [synapse-core_2.1.7.wso2v227.jar:2.1.7-wso2v227]
	at org.apache.synapse.ServerManager.start(ServerManager.java:187) [synapse-core_2.1.7.wso2v227.jar:2.1.7-wso2v227]
	at org.wso2.carbon.mediation.initializer.ServiceBusInitializer.initESB(ServiceBusInitializer.java:371) [org.wso2.carbon.mediation.initializer_4.7.99.jar:?]
	at org.wso2.carbon.mediation.initializer.ServiceBusInitializer.activate(ServiceBusInitializer.java:170) [org.wso2.carbon.mediation.initializer_4.7.99.jar:?]
	at jdk.internal.reflect.NativeMethodAccessorImpl.invoke0(Native Method) ~[?:?]
	at jdk.internal.reflect.NativeMethodAccessorImpl.invoke(NativeMethodAccessorImpl.java:62) ~[?:?]
	at jdk.internal.reflect.DelegatingMethodAccessorImpl.invoke(DelegatingMethodAccessorImpl.java:43) ~[?:?]
	at java.lang.reflect.Method.invoke(Method.java:566) ~[?:?]
	at org.eclipse.equinox.internal.ds.model.ServiceComponent.activate(ServiceComponent.java:260) [org.eclipse.equinox.ds_1.4.400.v20160226-2036.jar:?]
	at org.eclipse.equinox.internal.ds.model.ServiceComponentProp.activate(ServiceComponentProp.java:146) [org.eclipse.equinox.ds_1.4.400.v20160226-2036.jar:?]
	at org.eclipse.equinox.internal.ds.model.ServiceComponentProp.build(ServiceComponentProp.java:345) [org.eclipse.equinox.ds_1.4.400.v20160226-2036.jar:?]
	at org.eclipse.equinox.internal.ds.InstanceProcess.buildComponent(InstanceProcess.java:620) [org.eclipse.equinox.ds_1.4.400.v20160226-2036.jar:?]
	at org.eclipse.equinox.internal.ds.InstanceProcess.buildComponents(InstanceProcess.java:197) [org.eclipse.equinox.ds_1.4.400.v20160226-2036.jar:?]
	at org.eclipse.equinox.internal.ds.Resolver.getEligible(Resolver.java:343) [org.eclipse.equinox.ds_1.4.400.v20160226-2036.jar:?]
	at org.eclipse.equinox.internal.ds.SCRManager.serviceChanged(SCRManager.java:222) [org.eclipse.equinox.ds_1.4.400.v20160226-2036.jar:?]
	at org.eclipse.osgi.internal.serviceregistry.FilteredServiceListener.serviceChanged(FilteredServiceListener.java:113) [org.eclipse.osgi_3.14.0.v20190517-1309.jar:?]
	at org.eclipse.osgi.internal.framework.BundleContextImpl.dispatchEvent(BundleContextImpl.java:985) [org.eclipse.osgi_3.14.0.v20190517-1309.jar:?]
	at org.eclipse.osgi.framework.eventmgr.EventManager.dispatchEvent(EventManager.java:234) [org.eclipse.osgi_3.14.0.v20190517-1309.jar:?]
	at org.eclipse.osgi.framework.eventmgr.ListenerQueue.dispatchEventSynchronous(ListenerQueue.java:151) [org.eclipse.osgi_3.14.0.v20190517-1309.jar:?]
	at org.eclipse.osgi.internal.serviceregistry.ServiceRegistry.publishServiceEventPrivileged(ServiceRegistry.java:866) [org.eclipse.osgi_3.14.0.v20190517-1309.jar:?]
	at org.eclipse.osgi.internal.serviceregistry.ServiceRegistry.publishServiceEvent(ServiceRegistry.java:804) [org.eclipse.osgi_3.14.0.v20190517-1309.jar:?]
	at org.eclipse.osgi.internal.serviceregistry.ServiceRegistrationImpl.register(ServiceRegistrationImpl.java:130) [org.eclipse.osgi_3.14.0.v20190517-1309.jar:?]
	at org.eclipse.osgi.internal.serviceregistry.ServiceRegistry.registerService(ServiceRegistry.java:228) [org.eclipse.osgi_3.14.0.v20190517-1309.jar:?]
	at org.eclipse.osgi.internal.framework.BundleContextImpl.registerService(BundleContextImpl.java:525) [org.eclipse.osgi_3.14.0.v20190517-1309.jar:?]
	at org.eclipse.osgi.internal.framework.BundleContextImpl.registerService(BundleContextImpl.java:544) [org.eclipse.osgi_3.14.0.v20190517-1309.jar:?]
	at org.wso2.carbon.inbound.endpoint.persistence.service.InboundEndpointPersistenceServiceDSComponent.activate(InboundEndpointPersistenceServiceDSComponent.java:50) [org.wso2.carbon.inbound.endpoint.persistence_4.7.99.jar:?]
	at jdk.internal.reflect.NativeMethodAccessorImpl.invoke0(Native Method) ~[?:?]
	at jdk.internal.reflect.NativeMethodAccessorImpl.invoke(NativeMethodAccessorImpl.java:62) ~[?:?]
	at jdk.internal.reflect.DelegatingMethodAccessorImpl.invoke(DelegatingMethodAccessorImpl.java:43) ~[?:?]
	at java.lang.reflect.Method.invoke(Method.java:566) ~[?:?]
	at org.eclipse.equinox.internal.ds.model.ServiceComponent.activate(ServiceComponent.java:260) [org.eclipse.equinox.ds_1.4.400.v20160226-2036.jar:?]
	at org.eclipse.equinox.internal.ds.model.ServiceComponentProp.activate(ServiceComponentProp.java:146) [org.eclipse.equinox.ds_1.4.400.v20160226-2036.jar:?]
	at org.eclipse.equinox.internal.ds.model.ServiceComponentProp.build(ServiceComponentProp.java:345) [org.eclipse.equinox.ds_1.4.400.v20160226-2036.jar:?]
	at org.eclipse.equinox.internal.ds.InstanceProcess.buildComponent(InstanceProcess.java:620) [org.eclipse.equinox.ds_1.4.400.v20160226-2036.jar:?]
	at org.eclipse.equinox.internal.ds.InstanceProcess.buildComponents(InstanceProcess.java:197) [org.eclipse.equinox.ds_1.4.400.v20160226-2036.jar:?]
	at org.eclipse.equinox.internal.ds.Resolver.getEligible(Resolver.java:343) [org.eclipse.equinox.ds_1.4.400.v20160226-2036.jar:?]
	at org.eclipse.equinox.internal.ds.SCRManager.serviceChanged(SCRManager.java:222) [org.eclipse.equinox.ds_1.4.400.v20160226-2036.jar:?]
	at org.eclipse.osgi.internal.serviceregistry.FilteredServiceListener.serviceChanged(FilteredServiceListener.java:113) [org.eclipse.osgi_3.14.0.v20190517-1309.jar:?]
	at org.eclipse.osgi.internal.framework.BundleContextImpl.dispatchEvent(BundleContextImpl.java:985) [org.eclipse.osgi_3.14.0.v20190517-1309.jar:?]
	at org.eclipse.osgi.framework.eventmgr.EventManager.dispatchEvent(EventManager.java:234) [org.eclipse.osgi_3.14.0.v20190517-1309.jar:?]
	at org.eclipse.osgi.framework.eventmgr.ListenerQueue.dispatchEventSynchronous(ListenerQueue.java:151) [org.eclipse.osgi_3.14.0.v20190517-1309.jar:?]
	at org.eclipse.osgi.internal.serviceregistry.ServiceRegistry.publishServiceEventPrivileged(ServiceRegistry.java:866) [org.eclipse.osgi_3.14.0.v20190517-1309.jar:?]
	at org.eclipse.osgi.internal.serviceregistry.ServiceRegistry.publishServiceEvent(ServiceRegistry.java:804) [org.eclipse.osgi_3.14.0.v20190517-1309.jar:?]
	at org.eclipse.osgi.internal.serviceregistry.ServiceRegistrationImpl.register(ServiceRegistrationImpl.java:130) [org.eclipse.osgi_3.14.0.v20190517-1309.jar:?]
	at org.eclipse.osgi.internal.serviceregistry.ServiceRegistry.registerService(ServiceRegistry.java:228) [org.eclipse.osgi_3.14.0.v20190517-1309.jar:?]
	at org.eclipse.osgi.internal.framework.BundleContextImpl.registerService(BundleContextImpl.java:525) [org.eclipse.osgi_3.14.0.v20190517-1309.jar:?]
	at org.eclipse.osgi.internal.framework.BundleContextImpl.registerService(BundleContextImpl.java:544) [org.eclipse.osgi_3.14.0.v20190517-1309.jar:?]
	at org.wso2.carbon.core.init.CarbonServerManager.initializeCarbon(CarbonServerManager.java:529) [org.wso2.carbon.core_4.6.2.jar:?]
	at org.wso2.carbon.core.init.CarbonServerManager.removePendingItem(CarbonServerManager.java:305) [org.wso2.carbon.core_4.6.2.jar:?]
	at org.wso2.carbon.core.init.PreAxis2ConfigItemListener.bundleChanged(PreAxis2ConfigItemListener.java:118) [org.wso2.carbon.core_4.6.2.jar:?]
	at org.eclipse.osgi.internal.framework.BundleContextImpl.dispatchEvent(BundleContextImpl.java:973) [org.eclipse.osgi_3.14.0.v20190517-1309.jar:?]
	at org.eclipse.osgi.framework.eventmgr.EventManager.dispatchEvent(EventManager.java:234) [org.eclipse.osgi_3.14.0.v20190517-1309.jar:?]
	at org.eclipse.osgi.framework.eventmgr.EventManager$EventThread.run(EventManager.java:345) [org.eclipse.osgi_3.14.0.v20190517-1309.jar:?]
2024-01-17T07:38:35,175 [-] [Framework Event Dispatcher: Equinox Container: b988e972-c189-4b2b-a69f-4b454f44f9e9] ERROR EventProcessorDeployer Can't deploy the execution plan: carbon.super_resource_50KPerMin_defualt.siddhiql
org.apache.axis2.deployment.DeploymentException: Execution plan not deployed properly.
	at org.wso2.carbon.event.processor.core.EventProcessorDeployer.deploy(EventProcessorDeployer.java:71) [org.wso2.carbon.event.processor.core_2.2.14.jar:?]
	at org.apache.axis2.deployment.repository.util.DeploymentFileData.deploy(DeploymentFileData.java:136) [axis2_1.6.1.wso2v63.jar:?]
	at org.apache.axis2.deployment.DeploymentEngine.doDeploy(DeploymentEngine.java:807) [axis2_1.6.1.wso2v63.jar:?]
	at org.apache.axis2.deployment.repository.util.WSInfoList.update(WSInfoList.java:153) [axis2_1.6.1.wso2v63.jar:?]
	at org.apache.axis2.deployment.RepositoryListener.update(RepositoryListener.java:377) [axis2_1.6.1.wso2v63.jar:?]
	at org.apache.axis2.deployment.RepositoryListener.checkServices(RepositoryListener.java:254) [axis2_1.6.1.wso2v63.jar:?]
	at org.apache.synapse.Axis2SynapseController.deployMediatorExtensions(Axis2SynapseController.java:785) [synapse-core_2.1.7.wso2v227.jar:2.1.7-wso2v227]
	at org.apache.synapse.Axis2SynapseController.createSynapseEnvironment(Axis2SynapseController.java:403) [synapse-core_2.1.7.wso2v227.jar:2.1.7-wso2v227]
	at org.apache.synapse.ServerManager.start(ServerManager.java:187) [synapse-core_2.1.7.wso2v227.jar:2.1.7-wso2v227]
	at org.wso2.carbon.mediation.initializer.ServiceBusInitializer.initESB(ServiceBusInitializer.java:371) [org.wso2.carbon.mediation.initializer_4.7.99.jar:?]
	at org.wso2.carbon.mediation.initializer.ServiceBusInitializer.activate(ServiceBusInitializer.java:170) [org.wso2.carbon.mediation.initializer_4.7.99.jar:?]
	at jdk.internal.reflect.NativeMethodAccessorImpl.invoke0(Native Method) ~[?:?]
	at jdk.internal.reflect.NativeMethodAccessorImpl.invoke(NativeMethodAccessorImpl.java:62) ~[?:?]
	at jdk.internal.reflect.DelegatingMethodAccessorImpl.invoke(DelegatingMethodAccessorImpl.java:43) ~[?:?]
	at java.lang.reflect.Method.invoke(Method.java:566) ~[?:?]
	at org.eclipse.equinox.internal.ds.model.ServiceComponent.activate(ServiceComponent.java:260) [org.eclipse.equinox.ds_1.4.400.v20160226-2036.jar:?]
	at org.eclipse.equinox.internal.ds.model.ServiceComponentProp.activate(ServiceComponentProp.java:146) [org.eclipse.equinox.ds_1.4.400.v20160226-2036.jar:?]
	at org.eclipse.equinox.internal.ds.model.ServiceComponentProp.build(ServiceComponentProp.java:345) [org.eclipse.equinox.ds_1.4.400.v20160226-2036.jar:?]
	at org.eclipse.equinox.internal.ds.InstanceProcess.buildComponent(InstanceProcess.java:620) [org.eclipse.equinox.ds_1.4.400.v20160226-2036.jar:?]
	at org.eclipse.equinox.internal.ds.InstanceProcess.buildComponents(InstanceProcess.java:197) [org.eclipse.equinox.ds_1.4.400.v20160226-2036.jar:?]
	at org.eclipse.equinox.internal.ds.Resolver.getEligible(Resolver.java:343) [org.eclipse.equinox.ds_1.4.400.v20160226-2036.jar:?]
	at org.eclipse.equinox.internal.ds.SCRManager.serviceChanged(SCRManager.java:222) [org.eclipse.equinox.ds_1.4.400.v20160226-2036.jar:?]
	at org.eclipse.osgi.internal.serviceregistry.FilteredServiceListener.serviceChanged(FilteredServiceListener.java:113) [org.eclipse.osgi_3.14.0.v20190517-1309.jar:?]
	at org.eclipse.osgi.internal.framework.BundleContextImpl.dispatchEvent(BundleContextImpl.java:985) [org.eclipse.osgi_3.14.0.v20190517-1309.jar:?]
	at org.eclipse.osgi.framework.eventmgr.EventManager.dispatchEvent(EventManager.java:234) [org.eclipse.osgi_3.14.0.v20190517-1309.jar:?]
	at org.eclipse.osgi.framework.eventmgr.ListenerQueue.dispatchEventSynchronous(ListenerQueue.java:151) [org.eclipse.osgi_3.14.0.v20190517-1309.jar:?]
	at org.eclipse.osgi.internal.serviceregistry.ServiceRegistry.publishServiceEventPrivileged(ServiceRegistry.java:866) [org.eclipse.osgi_3.14.0.v20190517-1309.jar:?]
	at org.eclipse.osgi.internal.serviceregistry.ServiceRegistry.publishServiceEvent(ServiceRegistry.java:804) [org.eclipse.osgi_3.14.0.v20190517-1309.jar:?]
	at org.eclipse.osgi.internal.serviceregistry.ServiceRegistrationImpl.register(ServiceRegistrationImpl.java:130) [org.eclipse.osgi_3.14.0.v20190517-1309.jar:?]
	at org.eclipse.osgi.internal.serviceregistry.ServiceRegistry.registerService(ServiceRegistry.java:228) [org.eclipse.osgi_3.14.0.v20190517-1309.jar:?]
	at org.eclipse.osgi.internal.framework.BundleContextImpl.registerService(BundleContextImpl.java:525) [org.eclipse.osgi_3.14.0.v20190517-1309.jar:?]
	at org.eclipse.osgi.internal.framework.BundleContextImpl.registerService(BundleContextImpl.java:544) [org.eclipse.osgi_3.14.0.v20190517-1309.jar:?]
	at org.wso2.carbon.inbound.endpoint.persistence.service.InboundEndpointPersistenceServiceDSComponent.activate(InboundEndpointPersistenceServiceDSComponent.java:50) [org.wso2.carbon.inbound.endpoint.persistence_4.7.99.jar:?]
	at jdk.internal.reflect.NativeMethodAccessorImpl.invoke0(Native Method) ~[?:?]
	at jdk.internal.reflect.NativeMethodAccessorImpl.invoke(NativeMethodAccessorImpl.java:62) ~[?:?]
	at jdk.internal.reflect.DelegatingMethodAccessorImpl.invoke(DelegatingMethodAccessorImpl.java:43) ~[?:?]
	at java.lang.reflect.Method.invoke(Method.java:566) ~[?:?]
	at org.eclipse.equinox.internal.ds.model.ServiceComponent.activate(ServiceComponent.java:260) [org.eclipse.equinox.ds_1.4.400.v20160226-2036.jar:?]
	at org.eclipse.equinox.internal.ds.model.ServiceComponentProp.activate(ServiceComponentProp.java:146) [org.eclipse.equinox.ds_1.4.400.v20160226-2036.jar:?]
	at org.eclipse.equinox.internal.ds.model.ServiceComponentProp.build(ServiceComponentProp.java:345) [org.eclipse.equinox.ds_1.4.400.v20160226-2036.jar:?]
	at org.eclipse.equinox.internal.ds.InstanceProcess.buildComponent(InstanceProcess.java:620) [org.eclipse.equinox.ds_1.4.400.v20160226-2036.jar:?]
	at org.eclipse.equinox.internal.ds.InstanceProcess.buildComponents(InstanceProcess.java:197) [org.eclipse.equinox.ds_1.4.400.v20160226-2036.jar:?]
	at org.eclipse.equinox.internal.ds.Resolver.getEligible(Resolver.java:343) [org.eclipse.equinox.ds_1.4.400.v20160226-2036.jar:?]
	at org.eclipse.equinox.internal.ds.SCRManager.serviceChanged(SCRManager.java:222) [org.eclipse.equinox.ds_1.4.400.v20160226-2036.jar:?]
	at org.eclipse.osgi.internal.serviceregistry.FilteredServiceListener.serviceChanged(FilteredServiceListener.java:113) [org.eclipse.osgi_3.14.0.v20190517-1309.jar:?]
	at org.eclipse.osgi.internal.framework.BundleContextImpl.dispatchEvent(BundleContextImpl.java:985) [org.eclipse.osgi_3.14.0.v20190517-1309.jar:?]
	at org.eclipse.osgi.framework.eventmgr.EventManager.dispatchEvent(EventManager.java:234) [org.eclipse.osgi_3.14.0.v20190517-1309.jar:?]
	at org.eclipse.osgi.framework.eventmgr.ListenerQueue.dispatchEventSynchronous(ListenerQueue.java:151) [org.eclipse.osgi_3.14.0.v20190517-1309.jar:?]
	at org.eclipse.osgi.internal.serviceregistry.ServiceRegistry.publishServiceEventPrivileged(ServiceRegistry.java:866) [org.eclipse.osgi_3.14.0.v20190517-1309.jar:?]
	at org.eclipse.osgi.internal.serviceregistry.ServiceRegistry.publishServiceEvent(ServiceRegistry.java:804) [org.eclipse.osgi_3.14.0.v20190517-1309.jar:?]
	at org.eclipse.osgi.internal.serviceregistry.ServiceRegistrationImpl.register(ServiceRegistrationImpl.java:130) [org.eclipse.osgi_3.14.0.v20190517-1309.jar:?]
	at org.eclipse.osgi.internal.serviceregistry.ServiceRegistry.registerService(ServiceRegistry.java:228) [org.eclipse.osgi_3.14.0.v20190517-1309.jar:?]
	at org.eclipse.osgi.internal.framework.BundleContextImpl.registerService(BundleContextImpl.java:525) [org.eclipse.osgi_3.14.0.v20190517-1309.jar:?]
	at org.eclipse.osgi.internal.framework.BundleContextImpl.registerService(BundleContextImpl.java:544) [org.eclipse.osgi_3.14.0.v20190517-1309.jar:?]
	at org.wso2.carbon.core.init.CarbonServerManager.initializeCarbon(CarbonServerManager.java:529) [org.wso2.carbon.core_4.6.2.jar:?]
	at org.wso2.carbon.core.init.CarbonServerManager.removePendingItem(CarbonServerManager.java:305) [org.wso2.carbon.core_4.6.2.jar:?]
	at org.wso2.carbon.core.init.PreAxis2ConfigItemListener.bundleChanged(PreAxis2ConfigItemListener.java:118) [org.wso2.carbon.core_4.6.2.jar:?]
	at org.eclipse.osgi.internal.framework.BundleContextImpl.dispatchEvent(BundleContextImpl.java:973) [org.eclipse.osgi_3.14.0.v20190517-1309.jar:?]
	at org.eclipse.osgi.framework.eventmgr.EventManager.dispatchEvent(EventManager.java:234) [org.eclipse.osgi_3.14.0.v20190517-1309.jar:?]
	at org.eclipse.osgi.framework.eventmgr.EventManager$EventThread.run(EventManager.java:345) [org.eclipse.osgi_3.14.0.v20190517-1309.jar:?]
Caused by: org.wso2.carbon.event.processor.core.exception.ExecutionPlanConfigurationException: Execution plan with the same name already exists. Please remove it and retry.
	at org.wso2.carbon.event.processor.core.EventProcessorDeployer.processDeploy(EventProcessorDeployer.java:154) ~[org.wso2.carbon.event.processor.core_2.2.14.jar:?]
	at org.wso2.carbon.event.processor.core.EventProcessorDeployer.deploy(EventProcessorDeployer.java:69) ~[org.wso2.carbon.event.processor.core_2.2.14.jar:?]
	... 59 more
Caused by: org.wso2.carbon.event.processor.core.exception.ExecutionPlanConfigurationException: Execution plan with the same name already exists. Please remove it and retry.
	at org.wso2.carbon.event.processor.core.internal.CarbonEventProcessorService.addExecutionPlan(CarbonEventProcessorService.java:239) ~[org.wso2.carbon.event.processor.core_2.2.14.jar:?]
	at org.wso2.carbon.event.processor.core.EventProcessorDeployer.processDeploy(EventProcessorDeployer.java:124) ~[org.wso2.carbon.event.processor.core_2.2.14.jar:?]
	at org.wso2.carbon.event.processor.core.EventProcessorDeployer.deploy(EventProcessorDeployer.java:69) ~[org.wso2.carbon.event.processor.core_2.2.14.jar:?]
	... 59 more
2024-01-17T07:39:20,434 [-] [Framework Event Dispatcher: Equinox Container: b988e972-c189-4b2b-a69f-4b454f44f9e9]  WARN SSLUtilBase jsseUtil.trustedCertNotValid
2024-01-17T07:39:20,435 [-] [Framework Event Dispatcher: Equinox Container: b988e972-c189-4b2b-a69f-4b454f44f9e9]  WARN SSLUtilBase jsseUtil.trustedCertNotValid
2024-01-17T07:39:20,436 [-] [Framework Event Dispatcher: Equinox Container: b988e972-c189-4b2b-a69f-4b454f44f9e9]  WARN SSLUtilBase jsseUtil.trustedCertNotValid
2024-01-17T07:39:20,437 [-] [Framework Event Dispatcher: Equinox Container: b988e972-c189-4b2b-a69f-4b454f44f9e9]  WARN SSLUtilBase jsseUtil.trustedCertNotValid
2024-01-17T07:39:20,437 [-] [Framework Event Dispatcher: Equinox Container: b988e972-c189-4b2b-a69f-4b454f44f9e9]  WARN SSLUtilBase jsseUtil.trustedCertNotValid
2024-01-17T07:39:20,438 [-] [Framework Event Dispatcher: Equinox Container: b988e972-c189-4b2b-a69f-4b454f44f9e9]  WARN SSLUtilBase jsseUtil.trustedCertNotValid
2024-01-17T07:39:20,439 [-] [Framework Event Dispatcher: Equinox Container: b988e972-c189-4b2b-a69f-4b454f44f9e9]  WARN SSLUtilBase jsseUtil.trustedCertNotValid
2024-01-17T07:39:20,439 [-] [Framework Event Dispatcher: Equinox Container: b988e972-c189-4b2b-a69f-4b454f44f9e9]  WARN SSLUtilBase jsseUtil.trustedCertNotValid
2024-01-17T07:39:20,440 [-] [Framework Event Dispatcher: Equinox Container: b988e972-c189-4b2b-a69f-4b454f44f9e9]  WARN SSLUtilBase jsseUtil.trustedCertNotValid
2024-01-17T07:39:20,441 [-] [Framework Event Dispatcher: Equinox Container: b988e972-c189-4b2b-a69f-4b454f44f9e9]  WARN SSLUtilBase jsseUtil.trustedCertNotValid
2024-01-17T07:39:20,441 [-] [Framework Event Dispatcher: Equinox Container: b988e972-c189-4b2b-a69f-4b454f44f9e9]  WARN SSLUtilBase jsseUtil.trustedCertNotValid
2024-01-17T07:39:20,442 [-] [Framework Event Dispatcher: Equinox Container: b988e972-c189-4b2b-a69f-4b454f44f9e9]  WARN SSLUtilBase jsseUtil.trustedCertNotValid
2024-01-17T07:39:20,443 [-] [Framework Event Dispatcher: Equinox Container: b988e972-c189-4b2b-a69f-4b454f44f9e9]  WARN SSLUtilBase jsseUtil.trustedCertNotValid
2024-01-17T07:39:20,444 [-] [Framework Event Dispatcher: Equinox Container: b988e972-c189-4b2b-a69f-4b454f44f9e9]  WARN SSLUtilBase jsseUtil.trustedCertNotValid
2024-01-17T07:39:20,444 [-] [Framework Event Dispatcher: Equinox Container: b988e972-c189-4b2b-a69f-4b454f44f9e9]  WARN SSLUtilBase jsseUtil.trustedCertNotValid
2024-01-17T07:39:20,445 [-] [Framework Event Dispatcher: Equinox Container: b988e972-c189-4b2b-a69f-4b454f44f9e9]  WARN SSLUtilBase jsseUtil.trustedCertNotValid
